#
# There is insufficient memory for the Java Runtime Environment to continue.
# Native memory allocation (mmap) failed to map 41943040 bytes. Error detail: G1 virtual space
# Possible reasons:
#   The system is out of physical RAM or swap space
#   This process is running with CompressedOops enabled, and the Java Heap may be blocking the growth of the native heap
# Possible solutions:
#   Reduce memory load on the system
#   Increase physical memory or swap space
#   Check if swap backing store is full
#   Decrease Java heap size (-Xmx/-Xms)
#   Decrease number of Java threads
#   Decrease Java thread stack sizes (-Xss)
#   Set larger code cache with -XX:ReservedCodeCacheSize=
#   JVM is running with Zero Based Compressed Oops mode in which the Java heap is
#     placed in the first 32GB address space. The Java Heap base address is the
#     maximum limit for the native heap growth. Please use -XX:HeapBaseMinAddress
#     to set the Java Heap base and to place the Java Heap above 32GB virtual address.
# This output file may be truncated or incomplete.
#
#  Out of Memory Error (os_windows.cpp:3618), pid=34504, tid=36504
#
# JRE version: OpenJDK Runtime Environment Temurin-17.0.17+10 (17.0.17+10) (build 17.0.17+10)
# Java VM: OpenJDK 64-Bit Server VM Temurin-17.0.17+10 (17.0.17+10, mixed mode, emulated-client, sharing, tiered, compressed oops, compressed class ptrs, g1 gc, windows-amd64)
# No core dump will be written. Minidumps are not enabled by default on client versions of Windows
#

---------------  S U M M A R Y ------------

Command Line: -XX:TieredStopAtLevel=1 -Dspring.output.ansi.enabled=always -Dcom.sun.management.jmxremote -Dspring.jmx.enabled=true -Dspring.liveBeansView.mbeanDomain -Dspring.application.admin.enabled=true -Dmanagement.endpoints.jmx.exposure.include=* -javaagent:C:\Users\±Ç¹Î¼ö\AppData\Local\Programs\IntelliJ IDEA\lib\idea_rt.jar=60369 -Dfile.encoding=UTF-8 com.deare.backend.BackendApplication

Host: 11th Gen Intel(R) Core(TM) i5-1135G7 @ 2.40GHz, 8 cores, 15G,  Windows 11 , 64 bit Build 26100 (10.0.26100.7623)
Time: Mon Feb  9 19:39:20 2026  Windows 11 , 64 bit Build 26100 (10.0.26100.7623) elapsed time: 21.878280 seconds (0d 0h 0m 21s)

---------------  T H R E A D  ---------------

Current thread (0x00000252fff72f80):  VMThread "VM Thread" [stack: 0x0000007ab9100000,0x0000007ab9200000] [id=36504]

Stack: [0x0000007ab9100000,0x0000007ab9200000]
Native frames: (J=compiled Java code, j=interpreted, Vv=VM code, C=native code)
V  [jvm.dll+0x683fb9]
V  [jvm.dll+0x83a1b5]
V  [jvm.dll+0x83bc2e]
V  [jvm.dll+0x83c2b3]
V  [jvm.dll+0x248eff]
V  [jvm.dll+0x680d79]
V  [jvm.dll+0x675b7a]
V  [jvm.dll+0x3091a7]
V  [jvm.dll+0x310776]
V  [jvm.dll+0x360bbe]
V  [jvm.dll+0x360dfd]
V  [jvm.dll+0x2e022c]
V  [jvm.dll+0x2de602]
V  [jvm.dll+0x2ddd9c]
V  [jvm.dll+0x320a3b]
V  [jvm.dll+0x840acd]
V  [jvm.dll+0x841803]
V  [jvm.dll+0x841d2f]
V  [jvm.dll+0x842115]
V  [jvm.dll+0x8421de]
V  [jvm.dll+0x7ea44c]
V  [jvm.dll+0x682e87]
C  [ucrtbase.dll+0x37b0]
C  [KERNEL32.DLL+0x2e8d7]
C  [ntdll.dll+0x8c53c]

VM_Operation (0x0000007ab8bfce40): G1CollectForAllocation, mode: safepoint, requested by thread 0x00000252f817c8d0


---------------  P R O C E S S  ---------------

Threads class SMR info:
_java_thread_list=0x00000252d7b3f8c0, length=30, elements={
0x00000252f817c8d0, 0x00000252fff784c0, 0x00000252fff79080, 0x00000252fff94b30,
0x00000252fff95400, 0x00000252fff95dc0, 0x00000252fff96780, 0x00000252fff99200,
0x00000252fffbd6c0, 0x00000252d0122330, 0x00000252fffce2d0, 0x00000252d0a3d8e0,
0x00000252d0a3ddc0, 0x00000252d0bc05d0, 0x00000252d5033ac0, 0x00000252d5219490,
0x00000252d5221f80, 0x00000252d537e820, 0x00000252d53ff570, 0x00000252d5d70b00,
0x00000252d537bfa0, 0x00000252d537c9c0, 0x00000252d537b580, 0x00000252d7eabfc0,
0x00000252d7eac4d0, 0x00000252d7eae840, 0x00000252d7ead400, 0x00000252d7eaed50,
0x00000252d7eac9e0, 0x00000252d7eab5a0
}

Java Threads: ( => current thread )
  0x00000252f817c8d0 JavaThread "main" [_thread_blocked, id=37760, stack(0x0000007ab8b00000,0x0000007ab8c00000)]
  0x00000252fff784c0 JavaThread "Reference Handler" daemon [_thread_blocked, id=16176, stack(0x0000007ab9200000,0x0000007ab9300000)]
  0x00000252fff79080 JavaThread "Finalizer" daemon [_thread_blocked, id=34640, stack(0x0000007ab9300000,0x0000007ab9400000)]
  0x00000252fff94b30 JavaThread "Signal Dispatcher" daemon [_thread_blocked, id=31792, stack(0x0000007ab9400000,0x0000007ab9500000)]
  0x00000252fff95400 JavaThread "Attach Listener" daemon [_thread_blocked, id=33208, stack(0x0000007ab9500000,0x0000007ab9600000)]
  0x00000252fff95dc0 JavaThread "Service Thread" daemon [_thread_blocked, id=19256, stack(0x0000007ab9600000,0x0000007ab9700000)]
  0x00000252fff96780 JavaThread "Monitor Deflation Thread" daemon [_thread_blocked, id=35932, stack(0x0000007ab9700000,0x0000007ab9800000)]
  0x00000252fff99200 JavaThread "C1 CompilerThread0" daemon [_thread_blocked, id=2108, stack(0x0000007ab9800000,0x0000007ab9900000)]
  0x00000252fffbd6c0 JavaThread "Sweeper thread" daemon [_thread_blocked, id=13940, stack(0x0000007ab9900000,0x0000007ab9a00000)]
  0x00000252d0122330 JavaThread "C1 CompilerThread1" daemon [_thread_blocked, id=12648, stack(0x0000007ab9a00000,0x0000007ab9b00000)]
  0x00000252fffce2d0 JavaThread "Common-Cleaner" daemon [_thread_blocked, id=12768, stack(0x0000007ab9b00000,0x0000007ab9c00000)]
  0x00000252d0a3d8e0 JavaThread "Monitor Ctrl-Break" daemon [_thread_in_native, id=35016, stack(0x0000007ab9c00000,0x0000007ab9d00000)]
  0x00000252d0a3ddc0 JavaThread "Notification Thread" daemon [_thread_blocked, id=28020, stack(0x0000007ab9d00000,0x0000007ab9e00000)]
  0x00000252d0bc05d0 JavaThread "RMI TCP Accept-0" daemon [_thread_in_native, id=30220, stack(0x0000007aba800000,0x0000007aba900000)]
  0x00000252d5033ac0 JavaThread "RMI TCP Connection(1)-192.168.200.100" daemon [_thread_blocked, id=21900, stack(0x0000007abaa00000,0x0000007abab00000)]
  0x00000252d5219490 JavaThread "RMI Scheduler(0)" daemon [_thread_blocked, id=35320, stack(0x0000007abab00000,0x0000007abac00000)]
  0x00000252d5221f80 JavaThread "JMX server connection timeout 20" daemon [_thread_blocked, id=33044, stack(0x0000007abac00000,0x0000007abad00000)]
  0x00000252d537e820 JavaThread "RMI TCP Connection(2)-192.168.200.100" daemon [_thread_in_native, id=31528, stack(0x0000007abad00000,0x0000007abae00000)]
  0x00000252d53ff570 JavaThread "C1 CompilerThread2" daemon [_thread_blocked, id=36312, stack(0x0000007abaf00000,0x0000007abb000000)]
  0x00000252d5d70b00 JavaThread "C1 CompilerThread3" daemon [_thread_blocked, id=19628, stack(0x0000007abb000000,0x0000007abb100000)]
  0x00000252d537bfa0 JavaThread "mysql-cj-abandoned-connection-cleanup" daemon [_thread_blocked, id=17216, stack(0x0000007ab9e00000,0x0000007ab9f00000)]
  0x00000252d537c9c0 JavaThread "HikariPool-1 housekeeper" daemon [_thread_blocked, id=20136, stack(0x0000007abb200000,0x0000007abb300000)]
  0x00000252d537b580 JavaThread "Catalina-utility-1" [_thread_blocked, id=30160, stack(0x0000007abb400000,0x0000007abb500000)]
  0x00000252d7eabfc0 JavaThread "Catalina-utility-2" [_thread_blocked, id=24112, stack(0x0000007abb500000,0x0000007abb600000)]
  0x00000252d7eac4d0 JavaThread "container-0" [_thread_blocked, id=18856, stack(0x0000007abb600000,0x0000007abb700000)]
  0x00000252d7eae840 JavaThread "HttpClient-1-SelectorManager" daemon [_thread_in_native, id=36860, stack(0x0000007abb300000,0x0000007abb400000)]
  0x00000252d7ead400 JavaThread "lettuce-eventExecutorLoop-1-1" daemon [_thread_blocked, id=35192, stack(0x0000007abb700000,0x0000007abb800000)]
  0x00000252d7eaed50 JavaThread "lettuce-timer-3-1" daemon [_thread_blocked, id=36272, stack(0x0000007abb800000,0x0000007abb900000)]
  0x00000252d7eac9e0 JavaThread "idle-connection-reaper" daemon [_thread_blocked, id=17200, stack(0x0000007abb900000,0x0000007abba00000)]
  0x00000252d7eab5a0 JavaThread "lettuce-timer-5-1" daemon [_thread_blocked, id=36264, stack(0x0000007abba00000,0x0000007abbb00000)]

Other Threads:
=>0x00000252fff72f80 VMThread "VM Thread" [stack: 0x0000007ab9100000,0x0000007ab9200000] [id=36504]
  0x00000252f817d750 WatcherThread [stack: 0x0000007aba900000,0x0000007abaa00000] [id=30416]
  0x00000252f81eb150 GCTaskThread "GC Thread#0" [stack: 0x0000007ab8c00000,0x0000007ab8d00000] [id=35660]
  0x00000252d0b75c70 GCTaskThread "GC Thread#1" [stack: 0x0000007ab9f00000,0x0000007aba000000] [id=12192]
  0x00000252d0b859d0 GCTaskThread "GC Thread#2" [stack: 0x0000007aba000000,0x0000007aba100000] [id=28420]
  0x00000252d0b85c90 GCTaskThread "GC Thread#3" [stack: 0x0000007aba100000,0x0000007aba200000] [id=31500]
  0x00000252d0b85f50 GCTaskThread "GC Thread#4" [stack: 0x0000007aba200000,0x0000007aba300000] [id=36764]
  0x00000252d0b86820 GCTaskThread "GC Thread#5" [stack: 0x0000007aba300000,0x0000007aba400000] [id=33664]
  0x00000252d0b9de50 GCTaskThread "GC Thread#6" [stack: 0x0000007aba400000,0x0000007aba500000] [id=35876]
  0x00000252d0ba7130 GCTaskThread "GC Thread#7" [stack: 0x0000007aba500000,0x0000007aba600000] [id=30608]
  0x00000252f81fbd00 ConcurrentGCThread "G1 Main Marker" [stack: 0x0000007ab8d00000,0x0000007ab8e00000] [id=35372]
  0x00000252f81fe140 ConcurrentGCThread "G1 Conc#0" [stack: 0x0000007ab8e00000,0x0000007ab8f00000] [id=8256]
  0x00000252d5abad30 ConcurrentGCThread "G1 Conc#1" [stack: 0x0000007abb100000,0x0000007abb200000] [id=32340]
  0x00000252ffeb0450 ConcurrentGCThread "G1 Refine#0" [stack: 0x0000007ab8f00000,0x0000007ab9000000] [id=35304]
  0x00000252d0b86ae0 ConcurrentGCThread "G1 Refine#1" [stack: 0x0000007aba600000,0x0000007aba700000] [id=31972]
  0x00000252d0b6e980 ConcurrentGCThread "G1 Refine#2" [stack: 0x0000007aba700000,0x0000007aba800000] [id=30504]
  0x00000252ffeb0d20 ConcurrentGCThread "G1 Service" [stack: 0x0000007ab9000000,0x0000007ab9100000] [id=13404]

Threads with active compile tasks:

VM state: at safepoint (normal execution)

VM Mutex/Monitor currently owned by a thread:  ([mutex/lock_event])
[0x00000252f8165880] Threads_lock - owner thread: 0x00000252fff72f80
[0x00000252f8165be0] Heap_lock - owner thread: 0x00000252f817c8d0

Heap address: 0x0000000705000000, size: 4016 MB, Compressed Oops mode: Zero based, Oop shift amount: 3

CDS archive(s) mapped at: [0x000002528f000000-0x000002528fbb0000-0x000002528fbb0000), size 12255232, SharedBaseAddress: 0x000002528f000000, ArchiveRelocationMode: 1.
Compressed class space mapped at: 0x0000025290000000-0x00000252d0000000, reserved size: 1073741824
Narrow klass base: 0x000002528f000000, Narrow klass shift: 0, Narrow klass range: 0x100000000

GC Precious Log:
 CPUs: 8 total, 8 available
 Memory: 16057M
 Large Page Support: Disabled
 NUMA Support: Disabled
 Compressed Oops: Enabled (Zero based)
 Heap Region Size: 2M
 Heap Min Capacity: 8M
 Heap Initial Capacity: 252M
 Heap Max Capacity: 4016M
 Pre-touch: Disabled
 Parallel Workers: 8
 Concurrent Workers: 2
 Concurrent Refinement Workers: 8
 Periodic GC: Disabled

Heap:
 garbage-first heap   total 133120K, used 67530K [0x0000000705000000, 0x0000000800000000)
  region size 2048K, 1 young (2048K), 1 survivors (2048K)
 Metaspace       used 105813K, committed 106624K, reserved 1179648K
  class space    used 15296K, committed 15680K, reserved 1048576K

Heap Regions: E=young(eden), S=young(survivor), O=old, HS=humongous(starts), HC=humongous(continues), CS=collection set, F=free, OA=open archive, CA=closed archive, TAMS=top-at-mark-start (previous, next)
|   0|0x0000000705000000, 0x0000000705200000, 0x0000000705200000|100%| O|  |TAMS 0x0000000705200000, 0x0000000705000000| Untracked 
|   1|0x0000000705200000, 0x0000000705400000, 0x0000000705400000|100%| O|  |TAMS 0x0000000705400000, 0x0000000705200000| Untracked 
|   2|0x0000000705400000, 0x0000000705600000, 0x0000000705600000|100%| O|  |TAMS 0x0000000705600000, 0x0000000705400000| Untracked 
|   3|0x0000000705600000, 0x0000000705800000, 0x0000000705800000|100%| O|  |TAMS 0x0000000705800000, 0x0000000705600000| Untracked 
|   4|0x0000000705800000, 0x0000000705a00000, 0x0000000705a00000|100%| O|  |TAMS 0x0000000705a00000, 0x0000000705800000| Untracked 
|   5|0x0000000705a00000, 0x0000000705c00000, 0x0000000705c00000|100%| O|  |TAMS 0x0000000705a00000, 0x0000000705a00000| Untracked 
|   6|0x0000000705c00000, 0x0000000705e00000, 0x0000000705e00000|100%| O|  |TAMS 0x0000000705e00000, 0x0000000705c00000| Untracked 
|   7|0x0000000705e00000, 0x0000000706000000, 0x0000000706000000|100%| O|  |TAMS 0x0000000706000000, 0x0000000705e00000| Untracked 
|   8|0x0000000706000000, 0x0000000706200000, 0x0000000706200000|100%| O|  |TAMS 0x0000000706200000, 0x0000000706000000| Untracked 
|   9|0x0000000706200000, 0x0000000706400000, 0x0000000706400000|100%| O|  |TAMS 0x0000000706400000, 0x0000000706200000| Untracked 
|  10|0x0000000706400000, 0x0000000706600000, 0x0000000706600000|100%| O|  |TAMS 0x0000000706600000, 0x0000000706400000| Untracked 
|  11|0x0000000706600000, 0x0000000706800000, 0x0000000706800000|100%| O|  |TAMS 0x0000000706800000, 0x0000000706600000| Untracked 
|  12|0x0000000706800000, 0x0000000706800000, 0x0000000706a00000|  0%| F|  |TAMS 0x0000000706800000, 0x0000000706800000| Untracked 
|  13|0x0000000706a00000, 0x0000000706c00000, 0x0000000706c00000|100%| O|  |TAMS 0x0000000706c00000, 0x0000000706a00000| Untracked 
|  14|0x0000000706c00000, 0x0000000706e00000, 0x0000000706e00000|100%| O|  |TAMS 0x0000000706e00000, 0x0000000706c00000| Untracked 
|  15|0x0000000706e00000, 0x0000000707000000, 0x0000000707000000|100%| O|  |TAMS 0x0000000707000000, 0x0000000706e00000| Untracked 
|  16|0x0000000707000000, 0x0000000707200000, 0x0000000707200000|100%| O|  |TAMS 0x0000000707200000, 0x0000000707000000| Untracked 
|  17|0x0000000707200000, 0x0000000707400000, 0x0000000707400000|100%| O|  |TAMS 0x0000000707400000, 0x0000000707200000| Untracked 
|  18|0x0000000707400000, 0x0000000707600000, 0x0000000707600000|100%| O|  |TAMS 0x0000000707600000, 0x0000000707400000| Untracked 
|  19|0x0000000707600000, 0x0000000707800000, 0x0000000707800000|100%| O|  |TAMS 0x0000000707800000, 0x0000000707600000| Untracked 
|  20|0x0000000707800000, 0x0000000707a00000, 0x0000000707a00000|100%| O|  |TAMS 0x0000000707a00000, 0x0000000707800000| Untracked 
|  21|0x0000000707a00000, 0x0000000707c00000, 0x0000000707c00000|100%| O|  |TAMS 0x0000000707c00000, 0x0000000707a00000| Untracked 
|  22|0x0000000707c00000, 0x0000000707e00000, 0x0000000707e00000|100%| O|  |TAMS 0x0000000707e00000, 0x0000000707c00000| Untracked 
|  23|0x0000000707e00000, 0x0000000708000000, 0x0000000708000000|100%| O|  |TAMS 0x0000000708000000, 0x0000000707e00000| Untracked 
|  24|0x0000000708000000, 0x0000000708200000, 0x0000000708200000|100%| O|  |TAMS 0x0000000708200000, 0x0000000708000000| Untracked 
|  25|0x0000000708200000, 0x0000000708400000, 0x0000000708400000|100%| O|  |TAMS 0x0000000708400000, 0x0000000708200000| Untracked 
|  26|0x0000000708400000, 0x0000000708600000, 0x0000000708600000|100%| O|  |TAMS 0x0000000708600000, 0x0000000708400000| Untracked 
|  27|0x0000000708600000, 0x0000000708800000, 0x0000000708800000|100%| O|  |TAMS 0x0000000708800000, 0x0000000708600000| Untracked 
|  28|0x0000000708800000, 0x0000000708a00000, 0x0000000708a00000|100%| O|  |TAMS 0x0000000708a00000, 0x0000000708800000| Untracked 
|  29|0x0000000708a00000, 0x0000000708c00000, 0x0000000708c00000|100%| O|  |TAMS 0x0000000708c00000, 0x0000000708a00000| Untracked 
|  30|0x0000000708c00000, 0x0000000708e00000, 0x0000000708e00000|100%| O|  |TAMS 0x0000000708e00000, 0x0000000708c00000| Untracked 
|  31|0x0000000708e00000, 0x0000000709000000, 0x0000000709000000|100%| O|  |TAMS 0x0000000708f07e00, 0x0000000708e00000| Untracked 
|  32|0x0000000709000000, 0x0000000709200000, 0x0000000709200000|100%| O|  |TAMS 0x0000000709000000, 0x0000000709000000| Untracked 
|  33|0x0000000709200000, 0x0000000709366a00, 0x0000000709400000| 70%| O|  |TAMS 0x0000000709200000, 0x0000000709200000| Untracked 
|  34|0x0000000709400000, 0x0000000709400000, 0x0000000709600000|  0%| F|  |TAMS 0x0000000709400000, 0x0000000709400000| Untracked 
|  35|0x0000000709600000, 0x0000000709600000, 0x0000000709800000|  0%| F|  |TAMS 0x0000000709600000, 0x0000000709600000| Untracked 
|  36|0x0000000709800000, 0x0000000709800000, 0x0000000709a00000|  0%| F|  |TAMS 0x0000000709800000, 0x0000000709800000| Untracked 
|  37|0x0000000709a00000, 0x0000000709a00000, 0x0000000709c00000|  0%| F|  |TAMS 0x0000000709a00000, 0x0000000709a00000| Untracked 
|  38|0x0000000709c00000, 0x0000000709c00000, 0x0000000709e00000|  0%| F|  |TAMS 0x0000000709c00000, 0x0000000709c00000| Untracked 
|  39|0x0000000709e00000, 0x0000000709e00000, 0x000000070a000000|  0%| F|  |TAMS 0x0000000709e00000, 0x0000000709e00000| Untracked 
|  40|0x000000070a000000, 0x000000070a000000, 0x000000070a200000|  0%| F|  |TAMS 0x000000070a000000, 0x000000070a000000| Untracked 
|  41|0x000000070a200000, 0x000000070a200000, 0x000000070a400000|  0%| F|  |TAMS 0x000000070a200000, 0x000000070a200000| Untracked 
|  42|0x000000070a400000, 0x000000070a400000, 0x000000070a600000|  0%| F|  |TAMS 0x000000070a400000, 0x000000070a400000| Untracked 
|  43|0x000000070a600000, 0x000000070a600000, 0x000000070a800000|  0%| F|  |TAMS 0x000000070a600000, 0x000000070a600000| Untracked 
|  44|0x000000070a800000, 0x000000070a800000, 0x000000070aa00000|  0%| F|  |TAMS 0x000000070a800000, 0x000000070a800000| Untracked 
|  45|0x000000070aa00000, 0x000000070aa00000, 0x000000070ac00000|  0%| F|  |TAMS 0x000000070aa00000, 0x000000070aa00000| Untracked 
|  46|0x000000070ac00000, 0x000000070ac00000, 0x000000070ae00000|  0%| F|  |TAMS 0x000000070ac00000, 0x000000070ac00000| Untracked 
|  47|0x000000070ae00000, 0x000000070ae00000, 0x000000070b000000|  0%| F|  |TAMS 0x000000070ae00000, 0x000000070ae00000| Untracked 
|  48|0x000000070b000000, 0x000000070b000000, 0x000000070b200000|  0%| F|  |TAMS 0x000000070b000000, 0x000000070b000000| Untracked 
|  49|0x000000070b200000, 0x000000070b200000, 0x000000070b400000|  0%| F|  |TAMS 0x000000070b200000, 0x000000070b200000| Untracked 
|  50|0x000000070b400000, 0x000000070b400000, 0x000000070b600000|  0%| F|  |TAMS 0x000000070b400000, 0x000000070b400000| Untracked 
|  51|0x000000070b600000, 0x000000070b600000, 0x000000070b800000|  0%| F|  |TAMS 0x000000070b600000, 0x000000070b600000| Untracked 
|  52|0x000000070b800000, 0x000000070b800000, 0x000000070ba00000|  0%| F|  |TAMS 0x000000070b800000, 0x000000070b800000| Untracked 
|  53|0x000000070ba00000, 0x000000070ba00000, 0x000000070bc00000|  0%| F|  |TAMS 0x000000070ba00000, 0x000000070ba00000| Untracked 
|  54|0x000000070bc00000, 0x000000070bc00000, 0x000000070be00000|  0%| F|  |TAMS 0x000000070bc00000, 0x000000070bc00000| Untracked 
|  55|0x000000070be00000, 0x000000070be00000, 0x000000070c000000|  0%| F|  |TAMS 0x000000070be00000, 0x000000070be00000| Untracked 
|  56|0x000000070c000000, 0x000000070c000000, 0x000000070c200000|  0%| F|  |TAMS 0x000000070c000000, 0x000000070c000000| Untracked 
|  57|0x000000070c200000, 0x000000070c200000, 0x000000070c400000|  0%| F|  |TAMS 0x000000070c200000, 0x000000070c200000| Untracked 
|  58|0x000000070c400000, 0x000000070c400000, 0x000000070c600000|  0%| F|  |TAMS 0x000000070c400000, 0x000000070c400000| Untracked 
|  59|0x000000070c600000, 0x000000070c600000, 0x000000070c800000|  0%| F|  |TAMS 0x000000070c600000, 0x000000070c600000| Untracked 
|  60|0x000000070c800000, 0x000000070c800000, 0x000000070ca00000|  0%| F|  |TAMS 0x000000070c800000, 0x000000070c800000| Untracked 
|  61|0x000000070ca00000, 0x000000070ca00000, 0x000000070cc00000|  0%| F|  |TAMS 0x000000070ca00000, 0x000000070ca00000| Untracked 
|  62|0x000000070cc00000, 0x000000070cc00000, 0x000000070ce00000|  0%| F|  |TAMS 0x000000070cc00000, 0x000000070cc00000| Untracked 
|  63|0x000000070ce00000, 0x000000070ce8c0a0, 0x000000070d000000| 27%| S|CS|TAMS 0x000000070ce00000, 0x000000070ce00000| Complete 
| 125|0x0000000714a00000, 0x0000000714a00000, 0x0000000714c00000|  0%| F|  |TAMS 0x0000000714a00000, 0x0000000714a00000| Untracked 

Card table byte_map: [0x00000252837e0000,0x0000025283fc0000] _byte_map_base: 0x000002527ffb8000

Marking Bits (Prev, Next): (CMBitMap*) 0x00000252f81eb7b0, (CMBitMap*) 0x00000252f81eb770
 Prev Bits: [0x0000025288660000, 0x000002528c520000)
 Next Bits: [0x00000252847a0000, 0x0000025288660000)

Polling page: 0x00000252f5fe0000

Metaspace:

Usage:
  Non-class:     88.40 MB used.
      Class:     14.94 MB used.
       Both:    103.33 MB used.

Virtual space:
  Non-class space:      128.00 MB reserved,      88.81 MB ( 69%) committed,  2 nodes.
      Class space:        1.00 GB reserved,      15.31 MB (  1%) committed,  1 nodes.
             Both:        1.12 GB reserved,     104.12 MB (  9%) committed. 

Chunk freelists:
   Non-Class:  7.16 MB
       Class:  704.00 KB
        Both:  7.84 MB

MaxMetaspaceSize: unlimited
CompressedClassSpaceSize: 1.00 GB
Initial GC threshold: 21.00 MB
Current GC threshold: 171.38 MB
CDS: on
MetaspaceReclaimPolicy: balanced
 - commit_granule_bytes: 65536.
 - commit_granule_words: 8192.
 - virtual_space_node_default_size: 8388608.
 - enlarge_chunks_in_place: 1.
 - new_chunks_are_fully_committed: 0.
 - uncommit_free_chunks: 1.
 - use_allocation_guard: 0.
 - handle_deallocations: 1.


Internal statistics:

num_allocs_failed_limit: 17.
num_arena_births: 1254.
num_arena_deaths: 0.
num_vsnodes_births: 3.
num_vsnodes_deaths: 0.
num_space_committed: 1666.
num_space_uncommitted: 0.
num_chunks_returned_to_freelist: 17.
num_chunks_taken_from_freelist: 5287.
num_chunk_merges: 17.
num_chunk_splits: 3791.
num_chunks_enlarged: 2865.
num_inconsistent_stats: 0.

CodeCache: size=49152Kb used=19264Kb max_used=19447Kb free=29887Kb
 bounds [0x0000025280000000, 0x0000025281300000, 0x0000025283000000]
 total_blobs=10903 nmethods=10138 adapters=687
 compilation: enabled
              stopped_count=0, restarted_count=0
 full_count=0

Compilation events (20 events):
Event: 21.764 Thread 0x00000252d5d70b00 10218   !   1       org.springframework.beans.factory.annotation.AutowiredAnnotationBeanPostProcessor::determineCandidateConstructors (569 bytes)
Event: 21.764 Thread 0x00000252d0122330 10219   !   1       org.springframework.beans.factory.annotation.AutowiredAnnotationBeanPostProcessor::checkLookupMethods (80 bytes)
Event: 21.765 Thread 0x00000252d0122330 nmethod 10219 0x0000025280894d90 code [0x0000025280894fc0, 0x00000252808954f8]
Event: 21.769 Thread 0x00000252d5d70b00 nmethod 10218 0x000002528083ae90 code [0x000002528083b360, 0x000002528083cde8]
Event: 21.777 Thread 0x00000252d0122330 10220       1       org.springframework.boot.context.properties.bind.Binder$Context::getConfigurationProperty (5 bytes)
Event: 21.777 Thread 0x00000252d0122330 nmethod 10220 0x000002528021a890 code [0x000002528021aa20, 0x000002528021aaf8]
Event: 21.778 Thread 0x00000252d53ff570 10221       1       org.springframework.boot.context.properties.bind.DefaultBindConstructorProvider$Constructors$$Lambda$241/0x0000025290196470::apply (11 bytes)
Event: 21.778 Thread 0x00000252d0122330 10222       1       org.springframework.boot.context.properties.bind.DefaultBindConstructorProvider$Constructors$$Lambda$242/0x00000252901966a8::test (8 bytes)
Event: 21.778 Thread 0x00000252d5d70b00 10223       1       org.springframework.boot.context.properties.bind.DefaultBindConstructorProvider$Constructors::lambda$isAutowiredPresent$1 (9 bytes)
Event: 21.778 Thread 0x00000252d0122330 nmethod 10222 0x0000025280288b10 code [0x0000025280288cc0, 0x0000025280288e08]
Event: 21.778 Thread 0x00000252d0122330 10224       1       org.springframework.boot.context.properties.bind.DefaultBindConstructorProvider$Constructors$$Lambda$244/0x0000025290196ae8::test (8 bytes)
Event: 21.778 Thread 0x00000252fff99200 10225       1       org.springframework.boot.context.properties.bind.DefaultBindConstructorProvider$Constructors::isNonSynthetic (13 bytes)
Event: 21.778 Thread 0x00000252d53ff570 nmethod 10221 0x0000025280386f90 code [0x0000025280387140, 0x0000025280387288]
Event: 21.778 Thread 0x00000252d5d70b00 nmethod 10223 0x000002528023b610 code [0x000002528023b7c0, 0x000002528023b8a8]
Event: 21.778 Thread 0x00000252d0122330 nmethod 10224 0x0000025280256f90 code [0x0000025280257120, 0x0000025280257258]
Event: 21.778 Thread 0x00000252fff99200 nmethod 10225 0x0000025280251910 code [0x0000025280251aa0, 0x0000025280251b78]
Event: 21.802 Thread 0x00000252d0122330 10226       1       org.springframework.core.ResolvableType::getComponentType (93 bytes)
Event: 21.802 Thread 0x00000252d0122330 nmethod 10226 0x0000025280217790 code [0x00000252802179a0, 0x0000025280217db8]
Event: 21.854 Thread 0x00000252d5d70b00 10227       1       io.netty.util.HashedWheelTimer::access$200 (5 bytes)
Event: 21.854 Thread 0x00000252d5d70b00 nmethod 10227 0x0000025280766490 code [0x0000025280766620, 0x00000252807666d8]

GC Heap History (20 events):
Event: 15.807 GC heap after
{Heap after GC invocations=19 (full 0):
 garbage-first heap   total 133120K, used 43969K [0x0000000705000000, 0x0000000800000000)
  region size 2048K, 4 young (8192K), 4 survivors (8192K)
 Metaspace       used 79478K, committed 80192K, reserved 1179648K
  class space    used 11434K, committed 11776K, reserved 1048576K
}
Event: 16.826 GC heap before
{Heap before GC invocations=19 (full 0):
 garbage-first heap   total 133120K, used 105409K [0x0000000705000000, 0x0000000800000000)
  region size 2048K, 34 young (69632K), 4 survivors (8192K)
 Metaspace       used 85815K, committed 86528K, reserved 1179648K
  class space    used 12586K, committed 12928K, reserved 1048576K
}
Event: 16.836 GC heap after
{Heap after GC invocations=20 (full 0):
 garbage-first heap   total 133120K, used 48211K [0x0000000705000000, 0x0000000800000000)
  region size 2048K, 4 young (8192K), 4 survivors (8192K)
 Metaspace       used 85815K, committed 86528K, reserved 1179648K
  class space    used 12586K, committed 12928K, reserved 1048576K
}
Event: 17.604 GC heap before
{Heap before GC invocations=20 (full 0):
 garbage-first heap   total 133120K, used 105555K [0x0000000705000000, 0x0000000800000000)
  region size 2048K, 32 young (65536K), 4 survivors (8192K)
 Metaspace       used 87948K, committed 88704K, reserved 1179648K
  class space    used 12879K, committed 13248K, reserved 1048576K
}
Event: 17.616 GC heap after
{Heap after GC invocations=21 (full 0):
 garbage-first heap   total 133120K, used 52344K [0x0000000705000000, 0x0000000800000000)
  region size 2048K, 3 young (6144K), 3 survivors (6144K)
 Metaspace       used 87948K, committed 88704K, reserved 1179648K
  class space    used 12879K, committed 13248K, reserved 1048576K
}
Event: 18.346 GC heap before
{Heap before GC invocations=21 (full 0):
 garbage-first heap   total 133120K, used 105592K [0x0000000705000000, 0x0000000800000000)
  region size 2048K, 29 young (59392K), 3 survivors (6144K)
 Metaspace       used 92775K, committed 93568K, reserved 1179648K
  class space    used 13532K, committed 13952K, reserved 1048576K
}
Event: 18.353 GC heap after
{Heap after GC invocations=22 (full 0):
 garbage-first heap   total 133120K, used 54636K [0x0000000705000000, 0x0000000800000000)
  region size 2048K, 4 young (8192K), 4 survivors (8192K)
 Metaspace       used 92775K, committed 93568K, reserved 1179648K
  class space    used 13532K, committed 13952K, reserved 1048576K
}
Event: 18.850 GC heap before
{Heap before GC invocations=22 (full 0):
 garbage-first heap   total 133120K, used 103788K [0x0000000705000000, 0x0000000800000000)
  region size 2048K, 29 young (59392K), 4 survivors (8192K)
 Metaspace       used 94459K, committed 95232K, reserved 1179648K
  class space    used 13745K, committed 14144K, reserved 1048576K
}
Event: 18.857 GC heap after
{Heap after GC invocations=23 (full 0):
 garbage-first heap   total 133120K, used 56624K [0x0000000705000000, 0x0000000800000000)
  region size 2048K, 3 young (6144K), 3 survivors (6144K)
 Metaspace       used 94459K, committed 95232K, reserved 1179648K
  class space    used 13745K, committed 14144K, reserved 1048576K
}
Event: 19.574 GC heap before
{Heap before GC invocations=23 (full 0):
 garbage-first heap   total 133120K, used 91440K [0x0000000705000000, 0x0000000800000000)
  region size 2048K, 21 young (43008K), 3 survivors (6144K)
 Metaspace       used 100349K, committed 101056K, reserved 1179648K
  class space    used 14419K, committed 14784K, reserved 1048576K
}
Event: 19.582 GC heap after
{Heap after GC invocations=24 (full 0):
 garbage-first heap   total 133120K, used 59763K [0x0000000705000000, 0x0000000800000000)
  region size 2048K, 3 young (6144K), 3 survivors (6144K)
 Metaspace       used 100349K, committed 101056K, reserved 1179648K
  class space    used 14419K, committed 14784K, reserved 1048576K
}
Event: 20.362 GC heap before
{Heap before GC invocations=25 (full 0):
 garbage-first heap   total 133120K, used 104819K [0x0000000705000000, 0x0000000800000000)
  region size 2048K, 25 young (51200K), 3 survivors (6144K)
 Metaspace       used 102500K, committed 103296K, reserved 1179648K
  class space    used 14776K, committed 15168K, reserved 1048576K
}
Event: 20.368 GC heap after
{Heap after GC invocations=26 (full 0):
 garbage-first heap   total 133120K, used 63248K [0x0000000705000000, 0x0000000800000000)
  region size 2048K, 4 young (8192K), 4 survivors (8192K)
 Metaspace       used 102500K, committed 103296K, reserved 1179648K
  class space    used 14776K, committed 15168K, reserved 1048576K
}
Event: 20.421 GC heap before
{Heap before GC invocations=26 (full 0):
 garbage-first heap   total 133120K, used 65296K [0x0000000705000000, 0x0000000800000000)
  region size 2048K, 5 young (10240K), 4 survivors (8192K)
 Metaspace       used 102585K, committed 103360K, reserved 1179648K
  class space    used 14790K, committed 15168K, reserved 1048576K
}
Event: 20.426 GC heap after
{Heap after GC invocations=27 (full 0):
 garbage-first heap   total 133120K, used 63515K [0x0000000705000000, 0x0000000800000000)
  region size 2048K, 1 young (2048K), 1 survivors (2048K)
 Metaspace       used 102585K, committed 103360K, reserved 1179648K
  class space    used 14790K, committed 15168K, reserved 1048576K
}
Event: 21.219 GC heap before
{Heap before GC invocations=27 (full 0):
 garbage-first heap   total 133120K, used 106523K [0x0000000705000000, 0x0000000800000000)
  region size 2048K, 22 young (45056K), 1 survivors (2048K)
 Metaspace       used 104314K, committed 105152K, reserved 1179648K
  class space    used 15078K, committed 15488K, reserved 1048576K
}
Event: 21.226 GC heap after
{Heap after GC invocations=28 (full 0):
 garbage-first heap   total 133120K, used 65595K [0x0000000705000000, 0x0000000800000000)
  region size 2048K, 2 young (4096K), 2 survivors (4096K)
 Metaspace       used 104314K, committed 105152K, reserved 1179648K
  class space    used 15078K, committed 15488K, reserved 1048576K
}
Event: 21.824 GC heap before
{Heap before GC invocations=29 (full 0):
 garbage-first heap   total 133120K, used 106555K [0x0000000705000000, 0x0000000800000000)
  region size 2048K, 22 young (45056K), 2 survivors (4096K)
 Metaspace       used 105737K, committed 106560K, reserved 1179648K
  class space    used 15279K, committed 15680K, reserved 1048576K
}
Event: 21.834 GC heap after
{Heap after GC invocations=30 (full 0):
 garbage-first heap   total 133120K, used 68006K [0x0000000705000000, 0x0000000800000000)
  region size 2048K, 3 young (6144K), 3 survivors (6144K)
 Metaspace       used 105737K, committed 106560K, reserved 1179648K
  class space    used 15279K, committed 15680K, reserved 1048576K
}
Event: 21.863 GC heap before
{Heap before GC invocations=30 (full 0):
 garbage-first heap   total 133120K, used 70054K [0x0000000705000000, 0x0000000800000000)
  region size 2048K, 4 young (8192K), 3 survivors (6144K)
 Metaspace       used 105813K, committed 106624K, reserved 1179648K
  class space    used 15296K, committed 15680K, reserved 1048576K
}

Dll operation events (13 events):
Event: 0.015 Loaded shared library C:\Program Files\Eclipse Adoptium\jdk-17.0.17.10-hotspot\bin\java.dll
Event: 0.034 Loaded shared library C:\Program Files\Eclipse Adoptium\jdk-17.0.17.10-hotspot\bin\jsvml.dll
Event: 0.334 Loaded shared library C:\Program Files\Eclipse Adoptium\jdk-17.0.17.10-hotspot\bin\zip.dll
Event: 0.348 Loaded shared library C:\Program Files\Eclipse Adoptium\jdk-17.0.17.10-hotspot\bin\instrument.dll
Event: 0.359 Loaded shared library C:\Program Files\Eclipse Adoptium\jdk-17.0.17.10-hotspot\bin\net.dll
Event: 0.362 Loaded shared library C:\Program Files\Eclipse Adoptium\jdk-17.0.17.10-hotspot\bin\nio.dll
Event: 0.366 Loaded shared library C:\Program Files\Eclipse Adoptium\jdk-17.0.17.10-hotspot\bin\zip.dll
Event: 0.659 Loaded shared library C:\Program Files\Eclipse Adoptium\jdk-17.0.17.10-hotspot\bin\jimage.dll
Event: 0.731 Loaded shared library C:\Program Files\Eclipse Adoptium\jdk-17.0.17.10-hotspot\bin\extnet.dll
Event: 0.740 Loaded shared library C:\Program Files\Eclipse Adoptium\jdk-17.0.17.10-hotspot\bin\management.dll
Event: 0.752 Loaded shared library C:\Program Files\Eclipse Adoptium\jdk-17.0.17.10-hotspot\bin\management_ext.dll
Event: 3.608 Loaded shared library C:\Program Files\Eclipse Adoptium\jdk-17.0.17.10-hotspot\bin\verify.dll
Event: 4.231 Loaded shared library C:\Program Files\Eclipse Adoptium\jdk-17.0.17.10-hotspot\bin\sunmscapi.dll

Deoptimization events (8 events):
Event: 5.570 Thread 0x00000252f817c8d0 DEOPT PACKING pc=0x00000252804dccac sp=0x0000007ab8bfe2c0
Event: 5.570 Thread 0x00000252f817c8d0 DEOPT UNPACKING pc=0x000002528005ace3 sp=0x0000007ab8bfd788 mode 0
Event: 8.605 Thread 0x00000252f817c8d0 DEOPT PACKING pc=0x0000025280a95895 sp=0x0000007ab8bfdbb0
Event: 8.605 Thread 0x00000252f817c8d0 DEOPT UNPACKING pc=0x000002528005ace3 sp=0x0000007ab8bfd158 mode 0
Event: 15.808 Thread 0x00000252f817c8d0 DEOPT PACKING pc=0x000002528070c44c sp=0x0000007ab8bfbcc0
Event: 15.808 Thread 0x00000252f817c8d0 DEOPT UNPACKING pc=0x000002528005ace3 sp=0x0000007ab8bfb218 mode 0
Event: 17.043 Thread 0x00000252f817c8d0 DEOPT PACKING pc=0x000002528057c0d2 sp=0x0000007ab8bf9540
Event: 17.043 Thread 0x00000252f817c8d0 DEOPT UNPACKING pc=0x000002528005ace3 sp=0x0000007ab8bf8a48 mode 3

Classes loaded (20 events):
Event: 19.248 Loading class javax/net/ssl/HostnameVerifier
Event: 19.249 Loading class javax/net/ssl/HostnameVerifier done
Event: 19.261 Loading class javax/net/ssl/SSLPeerUnverifiedException
Event: 19.261 Loading class javax/net/ssl/SSLPeerUnverifiedException done
Event: 19.293 Loading class java/net/NoRouteToHostException
Event: 19.294 Loading class java/net/NoRouteToHostException done
Event: 20.065 Loading class java/time/Duration$1
Event: 20.065 Loading class java/time/Duration$1 done
Event: 20.474 Loading class java/util/Comparators$NullComparator
Event: 20.475 Loading class java/util/Comparators$NullComparator done
Event: 20.492 Loading class sun/reflect/annotation/TypeAnnotation$TypeAnnotationTargetInfo
Event: 20.492 Loading class sun/reflect/annotation/TypeAnnotation$TypeAnnotationTargetInfo done
Event: 20.884 Loading class java/util/EnumMap$EntryIterator$Entry
Event: 20.885 Loading class java/util/EnumMap$EntryIterator$Entry done
Event: 20.899 Loading class sun/reflect/annotation/AnnotationSupport
Event: 20.899 Loading class sun/reflect/annotation/AnnotationSupport done
Event: 21.665 Loading class jdk/internal/reflect/UnsafeQualifiedObjectFieldAccessorImpl
Event: 21.665 Loading class jdk/internal/reflect/UnsafeQualifiedFieldAccessorImpl
Event: 21.666 Loading class jdk/internal/reflect/UnsafeQualifiedFieldAccessorImpl done
Event: 21.666 Loading class jdk/internal/reflect/UnsafeQualifiedObjectFieldAccessorImpl done

Classes unloaded (0 events):
No events

Classes redefined (0 events):
No events

Internal exceptions (20 events):
Event: 18.214 Thread 0x00000252f817c8d0 Exception <a 'java/lang/reflect/InvocationTargetException'{0x000000070b465078}> (0x000000070b465078) 
thrown [s\src\hotspot\share\runtime\reflection.cpp, line 1128]
Event: 18.281 Thread 0x00000252f817c8d0 Exception <a 'java/lang/reflect/InvocationTargetException'{0x000000070b10b9d0}> (0x000000070b10b9d0) 
thrown [s\src\hotspot\share\runtime\reflection.cpp, line 1128]
Event: 18.283 Thread 0x00000252f817c8d0 Exception <a 'java/lang/reflect/InvocationTargetException'{0x000000070b11b440}> (0x000000070b11b440) 
thrown [s\src\hotspot\share\runtime\reflection.cpp, line 1128]
Event: 18.286 Thread 0x00000252f817c8d0 Exception <a 'java/lang/reflect/InvocationTargetException'{0x000000070b12bd30}> (0x000000070b12bd30) 
thrown [s\src\hotspot\share\runtime\reflection.cpp, line 1128]
Event: 18.310 Thread 0x00000252f817c8d0 Exception <a 'java/lang/reflect/InvocationTargetException'{0x000000070abb88f8}> (0x000000070abb88f8) 
thrown [s\src\hotspot\share\runtime\reflection.cpp, line 1128]
Event: 18.381 Thread 0x00000252f817c8d0 Exception <a 'java/lang/reflect/InvocationTargetException'{0x000000070cbb1a70}> (0x000000070cbb1a70) 
thrown [s\src\hotspot\share\runtime\reflection.cpp, line 1128]
Event: 18.728 Thread 0x00000252f817c8d0 Exception <a 'java/lang/NoSuchMethodError'{0x000000070a5288f8}: 'java.lang.Object java.lang.invoke.DirectMethodHandle$Holder.invokeStatic(java.lang.Object, int, java.lang.Object, int)'> (0x000000070a5288f8) 
thrown [s\src\hotspot\share\interpreter\linkResolver.cpp, line 759]
Event: 18.728 Thread 0x00000252f817c8d0 Exception <a 'java/lang/NoSuchMethodError'{0x000000070a52c790}: 'java.lang.Object java.lang.invoke.DirectMethodHandle$Holder.invokeStaticInit(java.lang.Object, int, java.lang.Object, int)'> (0x000000070a52c790) 
thrown [s\src\hotspot\share\interpreter\linkResolver.cpp, line 759]
Event: 18.728 Thread 0x00000252f817c8d0 Exception <a 'java/lang/NoSuchMethodError'{0x000000070a534108}: 'java.lang.Object java.lang.invoke.DirectMethodHandle$Holder.newInvokeSpecial(java.lang.Object, int, java.lang.Object, int)'> (0x000000070a534108) 
thrown [s\src\hotspot\share\interpreter\linkResolver.cpp, line 759]
Event: 18.812 Thread 0x00000252f817c8d0 Exception <a 'java/lang/NoSuchMethodError'{0x000000070a09f980}: 'java.lang.Object java.lang.invoke.DirectMethodHandle$Holder.invokeSpecialIFC(java.lang.Object, java.lang.Object)'> (0x000000070a09f980) 
thrown [s\src\hotspot\share\interpreter\linkResolver.cpp, line 759]
Event: 19.125 Thread 0x00000252f817c8d0 Exception <a 'java/lang/IncompatibleClassChangeError'{0x000000070c528d28}: Found class java.lang.Object, but interface was expected> (0x000000070c528d28) 
thrown [s\src\hotspot\share\interpreter\linkResolver.cpp, line 826]
Event: 19.364 Thread 0x00000252f817c8d0 Exception <a 'java/lang/IncompatibleClassChangeError'{0x000000070b8f1710}: Found class java.lang.Object, but interface was expected> (0x000000070b8f1710) 
thrown [s\src\hotspot\share\interpreter\linkResolver.cpp, line 826]
Event: 19.499 Thread 0x00000252f817c8d0 Exception <a 'java/lang/NoSuchMethodError'{0x000000070b3426e8}: 'float java.lang.invoke.DirectMethodHandle$Holder.invokeStatic(java.lang.Object, java.lang.Object)'> (0x000000070b3426e8) 
thrown [s\src\hotspot\share\interpreter\linkResolver.cpp, line 759]
Event: 19.500 Thread 0x00000252f817c8d0 Exception <a 'java/lang/NoSuchMethodError'{0x000000070b349220}: 'double java.lang.invoke.DirectMethodHandle$Holder.invokeStatic(java.lang.Object, java.lang.Object)'> (0x000000070b349220) 
thrown [s\src\hotspot\share\interpreter\linkResolver.cpp, line 759]
Event: 20.650 Thread 0x00000252f817c8d0 Exception <a 'java/lang/IncompatibleClassChangeError'{0x000000070c4af108}: Found class java.lang.Object, but interface was expected> (0x000000070c4af108) 
thrown [s\src\hotspot\share\interpreter\linkResolver.cpp, line 826]
Event: 20.761 Thread 0x00000252f817c8d0 Exception <a 'java/lang/NoSuchMethodError'{0x000000070c197300}: 'java.lang.Object java.lang.invoke.DirectMethodHandle$Holder.newInvokeSpecial(java.lang.Object, java.lang.Object, java.lang.Object, java.lang.Object, java.lang.Object, java.lang.Object, java.lang.Object, java.lang.Object, java.lang.Object)'> (0x000000070c197300) 
thrown [s\src\hotspot\share\interpreter\linkResolver.cpp, line 759]
Event: 20.761 Thread 0x00000252f817c8d0 Exception <a 'java/lang/NoSuchMethodError'{0x000000070c19c548}: 'java.lang.Object java.lang.invoke.Invokers$Holder.linkToTargetMethod(java.lang.Object, java.lang.Object, java.lang.Object, java.lang.Object, java.lang.Object, java.lang.Object, java.lang.Object, java.lang.Object, java.lang.Object)'> (0x000000070c19c548) 
thrown [s\src\hotspot\share\interpreter\linkResolver.cpp, line 759]
Event: 21.324 Thread 0x00000252f817c8d0 Exception <a 'java/lang/NoSuchMethodError'{0x000000070ca34558}: 'java.lang.Object java.lang.invoke.DirectMethodHandle$Holder.invokeInterface(java.lang.Object, java.lang.Object, java.lang.Object, java.lang.Object)'> (0x000000070ca34558) 
thrown [s\src\hotspot\share\interpreter\linkResolver.cpp, line 759]
Event: 21.442 Thread 0x00000252f817c8d0 Exception <a 'java/lang/NoSuchMethodError'{0x000000070c5ffc48}: 'void java.lang.invoke.DirectMethodHandle$Holder.invokeVirtual(java.lang.Object, java.lang.Object, long)'> (0x000000070c5ffc48) 
thrown [s\src\hotspot\share\interpreter\linkResolver.cpp, line 759]
Event: 21.843 Thread 0x00000252f817c8d0 Exception <a 'java/lang/IncompatibleClassChangeError'{0x0000000714a4a988}: Found class java.lang.Object, but interface was expected> (0x0000000714a4a988) 
thrown [s\src\hotspot\share\interpreter\linkResolver.cpp, line 826]

VM Operations (20 events):
Event: 20.489 Executing VM operation: HandshakeAllThreads done
Event: 20.489 Executing VM operation: HandshakeAllThreads
Event: 20.489 Executing VM operation: HandshakeAllThreads done
Event: 20.677 Executing VM operation: HandshakeAllThreads
Event: 20.677 Executing VM operation: HandshakeAllThreads done
Event: 21.022 Executing VM operation: HandshakeAllThreads
Event: 21.022 Executing VM operation: HandshakeAllThreads done
Event: 21.219 Executing VM operation: G1CollectForAllocation
Event: 21.226 Executing VM operation: G1CollectForAllocation done
Event: 21.287 Executing VM operation: G1PauseRemark
Event: 21.293 Executing VM operation: G1PauseRemark done
Event: 21.323 Executing VM operation: G1PauseCleanup
Event: 21.323 Executing VM operation: G1PauseCleanup done
Event: 21.499 Executing VM operation: HandshakeAllThreads
Event: 21.500 Executing VM operation: HandshakeAllThreads done
Event: 21.500 Executing VM operation: HandshakeAllThreads
Event: 21.500 Executing VM operation: HandshakeAllThreads done
Event: 21.824 Executing VM operation: G1CollectForAllocation
Event: 21.834 Executing VM operation: G1CollectForAllocation done
Event: 21.863 Executing VM operation: G1CollectForAllocation

Memory protections (0 events):
No events

Nmethod flushes (20 events):
Event: 21.504 Thread 0x00000252fffbd6c0 flushing  nmethod 0x000002528082ea10
Event: 21.504 Thread 0x00000252fffbd6c0 flushing  nmethod 0x0000025280839390
Event: 21.504 Thread 0x00000252fffbd6c0 flushing  nmethod 0x0000025280894d90
Event: 21.504 Thread 0x00000252fffbd6c0 flushing  nmethod 0x00000252808a4490
Event: 21.504 Thread 0x00000252fffbd6c0 flushing  nmethod 0x00000252808a4c90
Event: 21.504 Thread 0x00000252fffbd6c0 flushing  nmethod 0x00000252808ac610
Event: 21.504 Thread 0x00000252fffbd6c0 flushing  nmethod 0x00000252808cb790
Event: 21.504 Thread 0x00000252fffbd6c0 flushing  nmethod 0x00000252808df010
Event: 21.504 Thread 0x00000252fffbd6c0 flushing  nmethod 0x00000252808e4790
Event: 21.505 Thread 0x00000252fffbd6c0 flushing  nmethod 0x00000252808f8f10
Event: 21.505 Thread 0x00000252fffbd6c0 flushing  nmethod 0x0000025280911d10
Event: 21.505 Thread 0x00000252fffbd6c0 flushing  nmethod 0x000002528094f410
Event: 21.505 Thread 0x00000252fffbd6c0 flushing  nmethod 0x0000025280983c90
Event: 21.505 Thread 0x00000252fffbd6c0 flushing  nmethod 0x000002528098a810
Event: 21.505 Thread 0x00000252fffbd6c0 flushing  nmethod 0x00000252809d0d10
Event: 21.506 Thread 0x00000252fffbd6c0 flushing  nmethod 0x0000025280a61790
Event: 21.506 Thread 0x00000252fffbd6c0 flushing  nmethod 0x0000025280a7ef90
Event: 21.506 Thread 0x00000252fffbd6c0 flushing  nmethod 0x0000025280a80a90
Event: 21.506 Thread 0x00000252fffbd6c0 flushing  nmethod 0x0000025280a94790
Event: 21.506 Thread 0x00000252fffbd6c0 flushing  nmethod 0x0000025280a9ec10

Events (20 events):
Event: 17.852 Thread 0x00000252d5033ac0 Thread added: 0x00000252d7ead400
Event: 17.857 Thread 0x00000252d7ead400 Thread exited: 0x00000252d7ead400
Event: 17.952 Thread 0x00000252f817c8d0 Thread added: 0x00000252d7ead400
Event: 17.953 Thread 0x00000252f817c8d0 Thread added: 0x00000252d7eaed50
Event: 18.359 Thread 0x00000252d5033ac0 Thread added: 0x00000252d7eac9e0
Event: 18.364 Thread 0x00000252d7eac9e0 Thread exited: 0x00000252d7eac9e0
Event: 18.868 Thread 0x00000252d5033ac0 Thread added: 0x00000252d7eade20
Event: 18.872 Thread 0x00000252d7eade20 Thread exited: 0x00000252d7eade20
Event: 19.326 Thread 0x00000252f817c8d0 Thread added: 0x00000252d7eac9e0
Event: 19.374 Thread 0x00000252d5033ac0 Thread added: 0x00000252d7eab5a0
Event: 19.378 Thread 0x00000252d7eab5a0 Thread exited: 0x00000252d7eab5a0
Event: 19.881 Thread 0x00000252d5033ac0 Thread added: 0x00000252d7eab5a0
Event: 19.885 Thread 0x00000252d7eab5a0 Thread exited: 0x00000252d7eab5a0
Event: 20.388 Thread 0x00000252d537e820 Thread added: 0x00000252d7eacef0
Event: 20.393 Thread 0x00000252d7eacef0 Thread exited: 0x00000252d7eacef0
Event: 20.895 Thread 0x00000252d5033ac0 Thread added: 0x00000252d7eab5a0
Event: 20.899 Thread 0x00000252d7eab5a0 Thread exited: 0x00000252d7eab5a0
Event: 21.402 Thread 0x00000252d5033ac0 Thread added: 0x00000252d7ead910
Event: 21.405 Thread 0x00000252d7ead910 Thread exited: 0x00000252d7ead910
Event: 21.798 Thread 0x00000252f817c8d0 Thread added: 0x00000252d7eab5a0


Dynamic libraries:
0x00007ff70a480000 - 0x00007ff70a48e000 	C:\Program Files\Eclipse Adoptium\jdk-17.0.17.10-hotspot\bin\java.exe
0x00007ff8ec640000 - 0x00007ff8ec8a7000 	C:\WINDOWS\SYSTEM32\ntdll.dll
0x00007ff8eae20000 - 0x00007ff8eaee9000 	C:\WINDOWS\System32\KERNEL32.DLL
0x00007ff8e99a0000 - 0x00007ff8e9d8f000 	C:\WINDOWS\System32\KERNELBASE.dll
0x00007ff8e9ee0000 - 0x00007ff8ea02b000 	C:\WINDOWS\System32\ucrtbase.dll
0x00007ff8bc560000 - 0x00007ff8bc57e000 	C:\Program Files\Eclipse Adoptium\jdk-17.0.17.10-hotspot\bin\VCRUNTIME140.dll
0x00007ff89c310000 - 0x00007ff89c328000 	C:\Program Files\Eclipse Adoptium\jdk-17.0.17.10-hotspot\bin\jli.dll
0x00007ff8eb540000 - 0x00007ff8eb705000 	C:\WINDOWS\System32\USER32.dll
0x00007ff8e9790000 - 0x00007ff8e97b7000 	C:\WINDOWS\System32\win32u.dll
0x00007ff8cede0000 - 0x00007ff8cf073000 	C:\WINDOWS\WinSxS\amd64_microsoft.windows.common-controls_6595b64144ccf1df_6.0.26100.7309_none_3e05feeae336a044\COMCTL32.dll
0x00007ff8ec240000 - 0x00007ff8ec26b000 	C:\WINDOWS\System32\GDI32.dll
0x00007ff8ead70000 - 0x00007ff8eae19000 	C:\WINDOWS\System32\msvcrt.dll
0x00007ff8e97c0000 - 0x00007ff8e98ec000 	C:\WINDOWS\System32\gdi32full.dll
0x00007ff8e9e30000 - 0x00007ff8e9ed3000 	C:\WINDOWS\System32\msvcp_win.dll
0x00007ff8ec020000 - 0x00007ff8ec051000 	C:\WINDOWS\System32\IMM32.DLL
0x00007ff8be010000 - 0x00007ff8be01c000 	C:\Program Files\Eclipse Adoptium\jdk-17.0.17.10-hotspot\bin\vcruntime140_1.dll
0x00007ff860a70000 - 0x00007ff860afd000 	C:\Program Files\Eclipse Adoptium\jdk-17.0.17.10-hotspot\bin\msvcp140.dll
0x00007fffc3ec0000 - 0x00007fffc4b2b000 	C:\Program Files\Eclipse Adoptium\jdk-17.0.17.10-hotspot\bin\server\jvm.dll
0x00007ff8eb1f0000 - 0x00007ff8eb2a4000 	C:\WINDOWS\System32\ADVAPI32.dll
0x00007ff8eb490000 - 0x00007ff8eb536000 	C:\WINDOWS\System32\sechost.dll
0x00007ff8ec460000 - 0x00007ff8ec578000 	C:\WINDOWS\System32\RPCRT4.dll
0x00007ff8ea510000 - 0x00007ff8ea584000 	C:\WINDOWS\System32\WS2_32.dll
0x00007ff8e95f0000 - 0x00007ff8e964e000 	C:\WINDOWS\SYSTEM32\POWRPROF.dll
0x00007ff8e1280000 - 0x00007ff8e12b5000 	C:\WINDOWS\SYSTEM32\WINMM.dll
0x00007ff8d8420000 - 0x00007ff8d842b000 	C:\WINDOWS\SYSTEM32\VERSION.dll
0x00007ff8e95d0000 - 0x00007ff8e95e4000 	C:\WINDOWS\SYSTEM32\UMPDC.dll
0x00007ff8e8540000 - 0x00007ff8e855b000 	C:\WINDOWS\SYSTEM32\kernel.appcore.dll
0x00007ff89c360000 - 0x00007ff89c36a000 	C:\Program Files\Eclipse Adoptium\jdk-17.0.17.10-hotspot\bin\jimage.dll
0x00007ff8e64f0000 - 0x00007ff8e6732000 	C:\WINDOWS\SYSTEM32\DBGHELP.DLL
0x00007ff8eb800000 - 0x00007ff8ebb86000 	C:\WINDOWS\System32\combase.dll
0x00007ff8eb710000 - 0x00007ff8eb7e6000 	C:\WINDOWS\System32\OLEAUT32.dll
0x00007ff8c3d20000 - 0x00007ff8c3d5c000 	C:\WINDOWS\SYSTEM32\dbgcore.DLL
0x00007ff8e98f0000 - 0x00007ff8e9995000 	C:\WINDOWS\System32\bcryptPrimitives.dll
0x00007ff89c300000 - 0x00007ff89c30e000 	C:\Program Files\Eclipse Adoptium\jdk-17.0.17.10-hotspot\bin\instrument.dll
0x00007ff89c2d0000 - 0x00007ff89c2f5000 	C:\Program Files\Eclipse Adoptium\jdk-17.0.17.10-hotspot\bin\java.dll
0x00007ff860990000 - 0x00007ff860a67000 	C:\Program Files\Eclipse Adoptium\jdk-17.0.17.10-hotspot\bin\jsvml.dll
0x00007ff8ea590000 - 0x00007ff8eace3000 	C:\WINDOWS\System32\SHELL32.dll
0x00007ff8ea270000 - 0x00007ff8ea3da000 	C:\WINDOWS\System32\wintypes.dll
0x00007ff8e7360000 - 0x00007ff8e7bbe000 	C:\WINDOWS\SYSTEM32\windows.storage.dll
0x00007ff8eaef0000 - 0x00007ff8eafe5000 	C:\WINDOWS\System32\SHCORE.dll
0x00007ff8ec060000 - 0x00007ff8ec0c6000 	C:\WINDOWS\System32\shlwapi.dll
0x00007ff8e96b0000 - 0x00007ff8e96d9000 	C:\WINDOWS\SYSTEM32\profapi.dll
0x00007ff89c2b0000 - 0x00007ff89c2c8000 	C:\Program Files\Eclipse Adoptium\jdk-17.0.17.10-hotspot\bin\zip.dll
0x00007ff860970000 - 0x00007ff86098a000 	C:\Program Files\Eclipse Adoptium\jdk-17.0.17.10-hotspot\bin\net.dll
0x00007ff8db990000 - 0x00007ff8dbab8000 	C:\WINDOWS\SYSTEM32\WINHTTP.dll
0x00007ff8e8ab0000 - 0x00007ff8e8b1b000 	C:\WINDOWS\system32\mswsock.dll
0x00007ff860950000 - 0x00007ff860966000 	C:\Program Files\Eclipse Adoptium\jdk-17.0.17.10-hotspot\bin\nio.dll
0x00007ff8e80a0000 - 0x00007ff8e81cc000 	C:\WINDOWS\SYSTEM32\DNSAPI.dll
0x00007ff8e7fc0000 - 0x00007ff8e7ff4000 	C:\WINDOWS\SYSTEM32\IPHLPAPI.DLL
0x00007ff8ec390000 - 0x00007ff8ec39a000 	C:\WINDOWS\System32\NSI.dll
0x00007ff8d92c0000 - 0x00007ff8d92cb000 	C:\Windows\System32\rasadhlp.dll
0x00007ff8e2c60000 - 0x00007ff8e2ce6000 	C:\WINDOWS\System32\fwpuclnt.dll
0x00007ff8608a0000 - 0x00007ff8608a9000 	C:\Program Files\Eclipse Adoptium\jdk-17.0.17.10-hotspot\bin\extnet.dll
0x00007ff8608c0000 - 0x00007ff8608ca000 	C:\Program Files\Eclipse Adoptium\jdk-17.0.17.10-hotspot\bin\management.dll
0x00007ff8608b0000 - 0x00007ff8608bc000 	C:\Program Files\Eclipse Adoptium\jdk-17.0.17.10-hotspot\bin\management_ext.dll
0x00007ff8ec270000 - 0x00007ff8ec278000 	C:\WINDOWS\System32\PSAPI.DLL
0x00007ff8e8d80000 - 0x00007ff8e8d9b000 	C:\WINDOWS\SYSTEM32\CRYPTSP.dll
0x00007ff8e84a0000 - 0x00007ff8e84da000 	C:\WINDOWS\system32\rsaenh.dll
0x00007ff8e8b60000 - 0x00007ff8e8b8b000 	C:\WINDOWS\SYSTEM32\USERENV.dll
0x00007ff8e9680000 - 0x00007ff8e96aa000 	C:\WINDOWS\SYSTEM32\bcrypt.dll
0x00007ff8e8d70000 - 0x00007ff8e8d7c000 	C:\WINDOWS\SYSTEM32\CRYPTBASE.dll
0x00007ff8e0ca0000 - 0x00007ff8e0cbe000 	C:\WINDOWS\SYSTEM32\dhcpcsvc6.DLL
0x00007ff8e0c70000 - 0x00007ff8e0c93000 	C:\WINDOWS\SYSTEM32\dhcpcsvc.DLL
0x00007ff8bffe0000 - 0x00007ff8bfff8000 	C:\WINDOWS\system32\napinsp.dll
0x00007ff8bffc0000 - 0x00007ff8bffd2000 	C:\WINDOWS\System32\winrnr.dll
0x00007ff8bff90000 - 0x00007ff8bffb2000 	C:\WINDOWS\system32\nlansp_c.dll
0x00007ff8d9f20000 - 0x00007ff8d9f36000 	C:\WINDOWS\system32\wshbth.dll
0x00007ff8bfef0000 - 0x00007ff8bff46000 	C:\WINDOWS\SYSTEM32\pdh.dll
0x00007ff8ce940000 - 0x00007ff8ce952000 	C:\WINDOWS\System32\perfproc.dll
0x00007ff8bdb90000 - 0x00007ff8bdba1000 	C:\WINDOWS\System32\perfos.dll
0x00007ff8e7bf0000 - 0x00007ff8e7c02000 	C:\WINDOWS\SYSTEM32\pfclient.dll
0x00007ff87aa00000 - 0x00007ff87aa10000 	C:\Program Files\Eclipse Adoptium\jdk-17.0.17.10-hotspot\bin\verify.dll
0x00007ff860890000 - 0x00007ff86089e000 	C:\Program Files\Eclipse Adoptium\jdk-17.0.17.10-hotspot\bin\sunmscapi.dll
0x00007ff8ea030000 - 0x00007ff8ea1a7000 	C:\WINDOWS\System32\CRYPT32.dll
0x00007ff8e8f90000 - 0x00007ff8e8fc0000 	C:\WINDOWS\SYSTEM32\ncrypt.dll
0x00007ff8e8f40000 - 0x00007ff8e8f7f000 	C:\WINDOWS\SYSTEM32\NTASN1.dll
0x00007ff8e56b0000 - 0x00007ff8e56b8000 	C:\WINDOWS\system32\wshunix.dll

dbghelp: loaded successfully - version: 4.0.5 - missing functions: none
symbol engine: initialized successfully - sym options: 0x614 - pdb path: .;C:\Program Files\Eclipse Adoptium\jdk-17.0.17.10-hotspot\bin;C:\WINDOWS\SYSTEM32;C:\WINDOWS\WinSxS\amd64_microsoft.windows.common-controls_6595b64144ccf1df_6.0.26100.7309_none_3e05feeae336a044;C:\Program Files\Eclipse Adoptium\jdk-17.0.17.10-hotspot\bin\server

VM Arguments:
jvm_args: -XX:TieredStopAtLevel=1 -Dspring.output.ansi.enabled=always -Dcom.sun.management.jmxremote -Dspring.jmx.enabled=true -Dspring.liveBeansView.mbeanDomain -Dspring.application.admin.enabled=true -Dmanagement.endpoints.jmx.exposure.include=* -javaagent:C:\Users\±Ç¹Î¼ö\AppData\Local\Programs\IntelliJ IDEA\lib\idea_rt.jar=60369 -Dfile.encoding=UTF-8 
java_command: com.deare.backend.BackendApplication
java_class_path (initial): C:\Users\±Ç¹Î¼ö\BackEnd\build\classes\java\main;C:\Users\±Ç¹Î¼ö\BackEnd\build\resources\main;C:\Users\±Ç¹Î¼ö\.gradle\caches\modules-2\files-2.1\com.querydsl\querydsl-apt\5.1.0\3b1cbe05851840b5dc926833908747a193c097cc\querydsl-apt-5.1.0-jakarta.jar;C:\Users\±Ç¹Î¼ö\.gradle\caches\modules-2\files-2.1\org.springframework.boot\spring-boot-starter-actuator\3.3.9\e5462d9c501f7f724e9bc9b0d7ff0f7f1d043e01\spring-boot-starter-actuator-3.3.9.jar;C:\Users\±Ç¹Î¼ö\.gradle\caches\modules-2\files-2.1\org.springframework.boot\spring-boot-starter-security\3.3.9\61a140343d291d6b64833acb1619774951b787da\spring-boot-starter-security-3.3.9.jar;C:\Users\±Ç¹Î¼ö\.gradle\caches\modules-2\files-2.1\org.springframework.boot\spring-boot-starter-validation\3.3.9\c8efbac67f37688827d0b49c59381f8aee664bf8\spring-boot-starter-validation-3.3.9.jar;C:\Users\±Ç¹Î¼ö\.gradle\caches\modules-2\files-2.1\org.springframework.boot\spring-boot-starter-web\3.3.9\6dde279d1204519db02b40a4bb20c22dacceede7\spring-boot-starter-web-3.3.9.jar;C:\Users\±Ç¹Î¼ö\.gradle\caches\modules-2\files-2.1\org.springframework.boot\spring-boot-starter-oauth2-client\3.3.9\ce6e590e3503f5307fd0fcfde9e45be2b563ef46\spring-boot-starter-oauth2-client-3.3.9.jar;C:\Users\±Ç¹Î¼ö\.gradle\caches\modules-2\files-2.1\org.springframework.boot\spring-boot-starter-data-redis\3.3.9\85802372e426876ab4ee7aa9cf98bca3b7ec54e4\spring-boot-starter-data-redis-3.3.9.jar;C:\Users\±Ç¹Î¼ö\.gradle\caches\modules-2\files-2.1\org.springframework.boot\spring-boot-starter-data-jpa\3.3.9\1e6131a09e542ef29b1749c3715e4456d2adf14f\spring-boot-starter-data-jpa-3.3.9.jar;C:\Users\±Ç¹Î¼ö\.gradle\caches\modules-2\files-2.1\org.springframework.cloud\spring-cloud-starter-openfeign\4.1.4\751826af2b9a20839a4145a374eaae9e084b4db7\spring-cloud-starter-openfeign-4.1.4.jar;C:\Users\±Ç¹Î¼ö\.gradle\caches\modules-2\files-2.1\jakarta.annotation\jakarta.annotation-api\2.1.1\48b9bda22b091b1f48b13af03fe36db3be6e1ae3\jakarta.annotation-api-2.1.1.jar;C:\Users\
Launcher Type: SUN_STANDARD

[Global flags]
     intx CICompilerCount                          = 4                                         {product} {ergonomic}
     uint ConcGCThreads                            = 2                                         {product} {ergonomic}
     uint G1ConcRefinementThreads                  = 8                                         {product} {ergonomic}
   size_t G1HeapRegionSize                         = 2097152                                   {product} {ergonomic}
    uintx GCDrainStackTargetSize                   = 64                                        {product} {ergonomic}
   size_t InitialHeapSize                          = 264241152                                 {product} {ergonomic}
     bool ManagementServer                         = true                                      {product} {command line}
   size_t MarkStackSize                            = 4194304                                   {product} {ergonomic}
   size_t MaxHeapSize                              = 4211081216                                {product} {ergonomic}
   size_t MaxNewSize                               = 2524971008                                {product} {ergonomic}
   size_t MinHeapDeltaBytes                        = 2097152                                   {product} {ergonomic}
   size_t MinHeapSize                              = 8388608                                   {product} {ergonomic}
    uintx NonProfiledCodeHeapSize                  = 0                                      {pd product} {ergonomic}
     bool ProfileInterpreter                       = false                                  {pd product} {command line}
    uintx ProfiledCodeHeapSize                     = 0                                      {pd product} {ergonomic}
   size_t SoftMaxHeapSize                          = 4211081216                             {manageable} {ergonomic}
     intx TieredStopAtLevel                        = 1                                         {product} {command line}
     bool UseCompressedClassPointers               = true                           {product lp64_product} {ergonomic}
     bool UseCompressedOops                        = true                           {product lp64_product} {ergonomic}
     bool UseG1GC                                  = true                                      {product} {ergonomic}
     bool UseLargePagesIndividualAllocation        = false                                  {pd product} {ergonomic}

Logging:
Log output configuration:
 #0: stdout all=warning uptime,level,tags
 #1: stderr all=off uptime,level,tags

Environment Variables:
JAVA_HOME=C:\Program Files\Eclipse Adoptium\jdk-17.0.17.10-hotspot
PATH=C:\Program Files\Eclipse Adoptium\jdk-17.0.17.10-hotspot\bin;C:\Program Files (x86)\VMware\VMware Workstation\bin\;C:\Program Files\Eclipse Adoptium\jdk-17.0.17.10-hotspot\bin;C:\windows\system32;C:\windows;C:\windows\System32\Wbem;C:\windows\System32\WindowsPowerShell\v1.0\;C:\windows\System32\OpenSSH\;C:\Program Files (x86)\NVIDIA Corporation\PhysX\Common;C:\Program Files\NVIDIA Corporation\NVIDIA NvDLISR;C:\Program Files (x86)\Windows Kits\10\Windows Performance Toolkit\;C:\WINDOWS\system32;C:\WINDOWS;C:\WINDOWS\System32\Wbem;C:\WINDOWS\System32\WindowsPowerShell\v1.0\;C:\WINDOWS\System32\OpenSSH\;C:\mingw64\bin;C:\Program Files\Git\cmd;C:\Program Files\nodejs\;C:\Users\±Ç¹Î¼ö\AppData\Roaming\npm;C:\Program Files\MATLAB\R2024b\bin;C:\Program Files\dotnet\;C:\Program Files\cursor\resources\app\bin;C:\Program Files\Amazon\AWSCLIV2\;C:\Program Files\Docker\Docker\resources\bin;C:\Python313\Scripts\;C:\Python313\;C:\Users\±Ç¹Î¼ö\AppData\Local\Microsoft\WindowsApps;C:\Users\±Ç¹Î¼ö\AppData\Local\Programs\Microsoft VS Code\bin;C:\Users\±Ç¹Î¼ö\AppData\Roaming\npm;C:\Program Files\JetBrains\DataGrip 2025.2.3\bin;C:\Program Files\Java\jdk-17\bin;C:\Users\±Ç¹Î¼ö\AppData\Local\JetBrains\Toolbox\scripts;C:\Program Files\MySQL\MySQL Server 8.0\bin;
USERNAME=±Ç¹Î¼ö
OS=Windows_NT
PROCESSOR_IDENTIFIER=Intel64 Family 6 Model 140 Stepping 1, GenuineIntel
TMP=C:\Users\±Ç¹Î¼ö\AppData\Local\Temp
TEMP=C:\Users\±Ç¹Î¼ö\AppData\Local\Temp



Periodic native trim disabled


---------------  S Y S T E M  ---------------

OS:
 Windows 11 , 64 bit Build 26100 (10.0.26100.7623)
OS uptime: 0 days 4:56 hours
Hyper-V role detected

CPU: total 8 (initial active 8) (4 cores per cpu, 2 threads per core) family 6 model 140 stepping 1 microcode 0xb4, cx8, cmov, fxsr, ht, mmx, 3dnowpref, sse, sse2, sse3, ssse3, sse4.1, sse4.2, popcnt, lzcnt, tsc, tscinvbit, avx, avx2, aes, erms, clmul, bmi1, bmi2, adx, avx512f, avx512dq, avx512cd, avx512bw, avx512vl, sha, fma, vzeroupper, avx512_vpopcntdq, avx512_vpclmulqdq, avx512_vaes, avx512_vnni, clflush, clflushopt, clwb, avx512_vbmi2, avx512_vbmi, hv
Processor Information for processor 0
  Max Mhz: 2419, Current Mhz: 2419, Mhz Limit: 2419
Processor Information for processor 1
  Max Mhz: 2419, Current Mhz: 2419, Mhz Limit: 2419
Processor Information for processor 2
  Max Mhz: 2419, Current Mhz: 1007, Mhz Limit: 2419
Processor Information for processor 3
  Max Mhz: 2419, Current Mhz: 2419, Mhz Limit: 2419
Processor Information for processor 4
  Max Mhz: 2419, Current Mhz: 2419, Mhz Limit: 2419
Processor Information for processor 5
  Max Mhz: 2419, Current Mhz: 2419, Mhz Limit: 2419
Processor Information for processor 6
  Max Mhz: 2419, Current Mhz: 1007, Mhz Limit: 2419
Processor Information for processor 7
  Max Mhz: 2419, Current Mhz: 1007, Mhz Limit: 2419

Memory: 4k page, system-wide physical 16057M (2013M free)
TotalPageFile size 22483M (AvailPageFile size 42M)
current process WorkingSet (physical memory assigned to process): 358M, peak: 358M
current process commit charge ("private bytes"): 397M, peak: 437M

vm_info: OpenJDK 64-Bit Server VM (17.0.17+10) for windows-amd64 JRE (17.0.17+10), built on Oct 21 2025 23:25:32 by "admin" with unknown MS VC++:1942

END.
